<?xml version="1.0" encoding="UTF-8"?>
<testsuite name="com.LucaP111.Lab2.MainTest" tests="2" skipped="0" failures="0" errors="0" timestamp="2025-03-04T14:58:37" hostname="DESKTOP-KSTK6GF" time="0.025">
  <properties/>
  <testcase name="testSplitStringWithEmptyElements()" classname="com.LucaP111.Lab2.MainTest" time="0.023"/>
  <testcase name="testSplitString()" classname="com.LucaP111.Lab2.MainTest" time="0.001"/>
  <system-out><![CDATA[]]></system-out>
  <system-err><![CDATA[]]></system-err>
</testsuite>
