<?xml version="1.0" encoding="UTF-8"?>
<testsuite name="com.LucaP111.Lab2.MainTest" tests="2" skipped="0" failures="0" errors="0" timestamp="2025-03-04T13:32:21" hostname="DESKTOP-KSTK6GF" time="0.019">
  <properties/>
  <testcase name="testConcatenare()" classname="com.LucaP111.Lab2.MainTest" time="0.017"/>
  <testcase name="testStringGol()" classname="com.LucaP111.Lab2.MainTest" time="0.001"/>
  <system-out><![CDATA[]]></system-out>
  <system-err><![CDATA[]]></system-err>
</testsuite>
